# JRE version: OpenJDK Runtime Environment (8.0_242-b01) (build 1.8.0_242-release-1644-b01)
# Java VM: OpenJDK 64-Bit Server VM (25.242-b01 mixed mode windows-amd64 compressed oops)
Heap:
 PSYoungGen      total 260096K, used 179892K [0x00000000d5580000, 0x00000000e8280000, 0x0000000100000000)
  eden space 239616K, 75% used [0x00000000d5580000,0x00000000e052d350,0x00000000e3f80000)
  from space 20480K, 0% used [0x00000000e5380000,0x00000000e5380000,0x00000000e6780000)
  to   space 20480K, 0% used [0x00000000e3f80000,0x00000000e3f80000,0x00000000e5380000)
 ParOldGen       total 70656K, used 29323K [0x0000000080000000, 0x0000000084500000, 0x00000000d5580000)
  object space 70656K, 41% used [0x0000000080000000,0x0000000081ca2c60,0x0000000084500000)
 Metaspace       used 64462K, capacity 67754K, committed 67992K, reserved 1107968K
  class space    used 8929K, capacity 9558K, committed 9648K, reserved 1048576K
GC Heap History (10 events):
Event: 3.900 GC heap before
{Heap before GC invocations=11 (full 2):
 PSYoungGen      total 140288K, used 11136K [0x00000000d5580000, 0x00000000e2400000, 0x0000000100000000)
  eden space 129024K, 0% used [0x00000000d5580000,0x00000000d5580000,0x00000000dd380000)
  from space 11264K, 98% used [0x00000000dd380000,0x00000000dde60118,0x00000000dde80000)
  to   space 12800K, 0% used [0x00000000e1780000,0x00000000e1780000,0x00000000e2400000)
 ParOldGen       total 48128K, used 6654K [0x0000000080000000, 0x0000000082f00000, 0x00000000d5580000)
  object space 48128K, 13% used [0x0000000080000000,0x000000008067fbc8,0x0000000082f00000)
 Metaspace       used 34278K, capacity 35398K, committed 35496K, reserved 1079296K
  class space    used 4716K, capacity 5002K, committed 5040K, reserved 1048576K
Event: 3.965 GC heap after
Heap after GC invocations=11 (full 2):
 PSYoungGen      total 140288K, used 0K [0x00000000d5580000, 0x00000000e2400000, 0x0000000100000000)
  eden space 129024K, 0% used [0x00000000d5580000,0x00000000d5580000,0x00000000dd380000)
  from space 11264K, 0% used [0x00000000dd380000,0x00000000dd380000,0x00000000dde80000)
  to   space 12800K, 0% used [0x00000000e1780000,0x00000000e1780000,0x00000000e2400000)
 ParOldGen       total 70656K, used 17220K [0x0000000080000000, 0x0000000084500000, 0x00000000d5580000)
  object space 70656K, 24% used [0x0000000080000000,0x00000000810d1370,0x0000000084500000)
 Metaspace       used 34278K, capacity 35398K, committed 35496K, reserved 1079296K
  class space    used 4716K, capacity 5002K, committed 5040K, reserved 1048576K
}
Event: 5.006 GC heap before
{Heap before GC invocations=12 (full 2):
 PSYoungGen      total 140288K, used 129024K [0x00000000d5580000, 0x00000000e2400000, 0x0000000100000000)
  eden space 129024K, 100% used [0x00000000d5580000,0x00000000dd380000,0x00000000dd380000)
  from space 11264K, 0% used [0x00000000dd380000,0x00000000dd380000,0x00000000dde80000)
  to   space 12800K, 0% used [0x00000000e1780000,0x00000000e1780000,0x00000000e2400000)
 ParOldGen       total 70656K, used 17220K [0x0000000080000000, 0x0000000084500000, 0x00000000d5580000)
  object space 70656K, 24% used [0x0000000080000000,0x00000000810d1370,0x0000000084500000)
 Metaspace       used 39729K, capacity 41498K, committed 41768K, reserved 1085440K
  class space    used 5485K, capacity 5859K, committed 5936K, reserved 1048576K
Event: 5.016 GC heap after
Heap after GC invocations=12 (full 2):
 PSYoungGen      total 187904K, used 9921K [0x00000000d5580000, 0x00000000e2180000, 0x0000000100000000)
  eden space 177664K, 0% used [0x00000000d5580000,0x00000000d5580000,0x00000000e0300000)
  from space 10240K, 96% used [0x00000000e1780000,0x00000000e2130748,0x00000000e2180000)
  to   space 13312K, 0% used [0x00000000e0780000,0x00000000e0780000,0x00000000e1480000)
 ParOldGen       total 70656K, used 17228K [0x0000000080000000, 0x0000000084500000, 0x00000000d5580000)
  object space 70656K, 24% used [0x0000000080000000,0x00000000810d3370,0x0000000084500000)
 Metaspace       used 39729K, capacity 41498K, committed 41768K, reserved 1085440K
  class space    used 5485K, capacity 5859K, committed 5936K, reserved 1048576K
}
Event: 6.909 GC heap before
{Heap before GC invocations=13 (full 2):
 PSYoungGen      total 187904K, used 187585K [0x00000000d5580000, 0x00000000e2180000, 0x0000000100000000)
  eden space 177664K, 100% used [0x00000000d5580000,0x00000000e0300000,0x00000000e0300000)
  from space 10240K, 96% used [0x00000000e1780000,0x00000000e2130748,0x00000000e2180000)
  to   space 13312K, 0% used [0x00000000e0780000,0x00000000e0780000,0x00000000e1480000)
 ParOldGen       total 70656K, used 17228K [0x0000000080000000, 0x0000000084500000, 0x00000000d5580000)
  object space 70656K, 24% used [0x0000000080000000,0x00000000810d3370,0x0000000084500000)
 Metaspace       used 56063K, capacity 58484K, committed 58664K, reserved 1099776K
  class space    used 7662K, capacity 8179K, committed 8240K, reserved 1048576K
Event: 6.935 GC heap after
Heap after GC invocations=13 (full 2):
 PSYoungGen      total 195584K, used 13281K [0x00000000d5580000, 0x00000000e6780000, 0x0000000100000000)
  eden space 182272K, 0% used [0x00000000d5580000,0x00000000d5580000,0x00000000e0780000)
  from space 13312K, 99% used [0x00000000e0780000,0x00000000e14787f0,0x00000000e1480000)
  to   space 20480K, 0% used [0x00000000e5380000,0x00000000e5380000,0x00000000e6780000)
 ParOldGen       total 70656K, used 31159K [0x0000000080000000, 0x0000000084500000, 0x00000000d5580000)
  object space 70656K, 44% used [0x0000000080000000,0x0000000081e6dc88,0x0000000084500000)
 Metaspace       used 56063K, capacity 58484K, committed 58664K, reserved 1099776K
  class space    used 7662K, capacity 8179K, committed 8240K, reserved 1048576K
}
Event: 7.030 GC heap before
{Heap before GC invocations=14 (full 2):
 PSYoungGen      total 195584K, used 23154K [0x00000000d5580000, 0x00000000e6780000, 0x0000000100000000)
  eden space 182272K, 5% used [0x00000000d5580000,0x00000000d5f24040,0x00000000e0780000)
  from space 13312K, 99% used [0x00000000e0780000,0x00000000e14787f0,0x00000000e1480000)
  to   space 20480K, 0% used [0x00000000e5380000,0x00000000e5380000,0x00000000e6780000)
 ParOldGen       total 70656K, used 31159K [0x0000000080000000, 0x0000000084500000, 0x00000000d5580000)
  object space 70656K, 44% used [0x0000000080000000,0x0000000081e6dc88,0x0000000084500000)
 Metaspace       used 56731K, capacity 59114K, committed 59160K, reserved 1099776K
  class space    used 7761K, capacity 8218K, committed 8240K, reserved 1048576K
Event: 7.070 GC heap after
Heap after GC invocations=14 (full 2):
 PSYoungGen      total 260096K, used 1024K [0x00000000d5580000, 0x00000000e8280000, 0x0000000100000000)
  eden space 239616K, 0% used [0x00000000d5580000,0x00000000d5580000,0x00000000e3f80000)
  from space 20480K, 5% used [0x00000000e5380000,0x00000000e5480000,0x00000000e6780000)
  to   space 20480K, 0% used [0x00000000e3f80000,0x00000000e3f80000,0x00000000e5380000)
 ParOldGen       total 70656K, used 42326K [0x0000000080000000, 0x0000000084500000, 0x00000000d5580000)
  object space 70656K, 59% used [0x0000000080000000,0x0000000082955bb0,0x0000000084500000)
 Metaspace       used 56731K, capacity 59114K, committed 59160K, reserved 1099776K
  class space    used 7761K, capacity 8218K, committed 8240K, reserved 1048576K
}
Event: 7.070 GC heap before
{Heap before GC invocations=15 (full 3):
 PSYoungGen      total 260096K, used 1024K [0x00000000d5580000, 0x00000000e8280000, 0x0000000100000000)
  eden space 239616K, 0% used [0x00000000d5580000,0x00000000d5580000,0x00000000e3f80000)
  from space 20480K, 5% used [0x00000000e5380000,0x00000000e5480000,0x00000000e6780000)
  to   space 20480K, 0% used [0x00000000e3f80000,0x00000000e3f80000,0x00000000e5380000)
 ParOldGen       total 70656K, used 42326K [0x0000000080000000, 0x0000000084500000, 0x00000000d5580000)
  object space 70656K, 59% used [0x0000000080000000,0x0000000082955bb0,0x0000000084500000)
 Metaspace       used 56731K, capacity 59114K, committed 59160K, reserved 1099776K
  class space    used 7761K, capacity 8218K, committed 8240K, reserved 1048576K
Event: 7.509 GC heap after
Heap after GC invocations=15 (full 3):
 PSYoungGen      total 260096K, used 0K [0x00000000d5580000, 0x00000000e8280000, 0x0000000100000000)
  eden space 239616K, 0% used [0x00000000d5580000,0x00000000d5580000,0x00000000e3f80000)
  from space 20480K, 0% used [0x00000000e5380000,0x00000000e5380000,0x00000000e6780000)
  to   space 20480K, 0% used [0x00000000e3f80000,0x00000000e3f80000,0x00000000e5380000)
 ParOldGen       total 70656K, used 29323K [0x0000000080000000, 0x0000000084500000, 0x00000000d5580000)
  object space 70656K, 41% used [0x0000000080000000,0x0000000081ca2c60,0x0000000084500000)
 Metaspace       used 56687K, capacity 58964K, committed 59160K, reserved 1099776K
  class space    used 7748K, capacity 8193K, committed 8240K, reserved 1048576K
}

