# JRE version: OpenJDK Runtime Environment (8.0_242-b01) (build 1.8.0_242-release-1644-b01)
# Java VM: OpenJDK 64-Bit Server VM (25.242-b01 mixed mode windows-amd64 compressed oops)
Heap:
 PSYoungGen      total 269824K, used 28576K [0x00000000d5580000, 0x00000000e9280000, 0x0000000100000000)
  eden space 249344K, 11% used [0x00000000d5580000,0x00000000d7168018,0x00000000e4900000)
  from space 20480K, 0% used [0x00000000e5d80000,0x00000000e5d80000,0x00000000e7180000)
  to   space 20992K, 0% used [0x00000000e4900000,0x00000000e4900000,0x00000000e5d80000)
 ParOldGen       total 68096K, used 29022K [0x0000000080000000, 0x0000000084280000, 0x00000000d5580000)
  object space 68096K, 42% used [0x0000000080000000,0x0000000081c57ab8,0x0000000084280000)
 Metaspace       used 58747K, capacity 61106K, committed 61336K, reserved 1101824K
  class space    used 8105K, capacity 8594K, committed 8624K, reserved 1048576K
GC Heap History (10 events):
Event: 5.128 GC heap before
{Heap before GC invocations=11 (full 2):
 PSYoungGen      total 139776K, used 11004K [0x00000000d5580000, 0x00000000e2680000, 0x0000000100000000)
  eden space 128000K, 0% used [0x00000000d5580000,0x00000000d5580000,0x00000000dd280000)
  from space 11776K, 93% used [0x00000000dd280000,0x00000000ddd3f1d0,0x00000000dde00000)
  to   space 12800K, 0% used [0x00000000e1a00000,0x00000000e1a00000,0x00000000e2680000)
 ParOldGen       total 47616K, used 6647K [0x0000000080000000, 0x0000000082e80000, 0x00000000d5580000)
  object space 47616K, 13% used [0x0000000080000000,0x000000008067de98,0x0000000082e80000)
 Metaspace       used 34285K, capacity 35406K, committed 35496K, reserved 1079296K
  class space    used 4715K, capacity 5002K, committed 5040K, reserved 1048576K
Event: 5.194 GC heap after
Heap after GC invocations=11 (full 2):
 PSYoungGen      total 139776K, used 0K [0x00000000d5580000, 0x00000000e2680000, 0x0000000100000000)
  eden space 128000K, 0% used [0x00000000d5580000,0x00000000d5580000,0x00000000dd280000)
  from space 11776K, 0% used [0x00000000dd280000,0x00000000dd280000,0x00000000dde00000)
  to   space 12800K, 0% used [0x00000000e1a00000,0x00000000e1a00000,0x00000000e2680000)
 ParOldGen       total 68096K, used 17169K [0x0000000080000000, 0x0000000084280000, 0x00000000d5580000)
  object space 68096K, 25% used [0x0000000080000000,0x00000000810c45e0,0x0000000084280000)
 Metaspace       used 34285K, capacity 35406K, committed 35496K, reserved 1079296K
  class space    used 4715K, capacity 5002K, committed 5040K, reserved 1048576K
}
Event: 6.414 GC heap before
{Heap before GC invocations=12 (full 2):
 PSYoungGen      total 139776K, used 128000K [0x00000000d5580000, 0x00000000e2680000, 0x0000000100000000)
  eden space 128000K, 100% used [0x00000000d5580000,0x00000000dd280000,0x00000000dd280000)
  from space 11776K, 0% used [0x00000000dd280000,0x00000000dd280000,0x00000000dde00000)
  to   space 12800K, 0% used [0x00000000e1a00000,0x00000000e1a00000,0x00000000e2680000)
 ParOldGen       total 68096K, used 17169K [0x0000000080000000, 0x0000000084280000, 0x00000000d5580000)
  object space 68096K, 25% used [0x0000000080000000,0x00000000810c45e0,0x0000000084280000)
 Metaspace       used 39818K, capacity 41620K, committed 41768K, reserved 1085440K
  class space    used 5493K, capacity 5858K, committed 5936K, reserved 1048576K
Event: 6.424 GC heap after
Heap after GC invocations=12 (full 2):
 PSYoungGen      total 190464K, used 9917K [0x00000000d5580000, 0x00000000e2400000, 0x0000000100000000)
  eden space 180224K, 0% used [0x00000000d5580000,0x00000000d5580000,0x00000000e0580000)
  from space 10240K, 96% used [0x00000000e1a00000,0x00000000e23af728,0x00000000e2400000)
  to   space 13312K, 0% used [0x00000000e0a00000,0x00000000e0a00000,0x00000000e1700000)
 ParOldGen       total 68096K, used 17177K [0x0000000080000000, 0x0000000084280000, 0x00000000d5580000)
  object space 68096K, 25% used [0x0000000080000000,0x00000000810c65e0,0x0000000084280000)
 Metaspace       used 39818K, capacity 41620K, committed 41768K, reserved 1085440K
  class space    used 5493K, capacity 5858K, committed 5936K, reserved 1048576K
}
Event: 8.492 GC heap before
{Heap before GC invocations=13 (full 2):
 PSYoungGen      total 190464K, used 190141K [0x00000000d5580000, 0x00000000e2400000, 0x0000000100000000)
  eden space 180224K, 100% used [0x00000000d5580000,0x00000000e0580000,0x00000000e0580000)
  from space 10240K, 96% used [0x00000000e1a00000,0x00000000e23af728,0x00000000e2400000)
  to   space 13312K, 0% used [0x00000000e0a00000,0x00000000e0a00000,0x00000000e1700000)
 ParOldGen       total 68096K, used 17177K [0x0000000080000000, 0x0000000084280000, 0x00000000d5580000)
  object space 68096K, 25% used [0x0000000080000000,0x00000000810c65e0,0x0000000084280000)
 Metaspace       used 56401K, capacity 58746K, committed 58920K, reserved 1099776K
  class space    used 7712K, capacity 8184K, committed 8240K, reserved 1048576K
Event: 8.529 GC heap after
Heap after GC invocations=13 (full 2):
 PSYoungGen      total 198144K, used 13299K [0x00000000d5580000, 0x00000000e7180000, 0x0000000100000000)
  eden space 184832K, 0% used [0x00000000d5580000,0x00000000d5580000,0x00000000e0a00000)
  from space 13312K, 99% used [0x00000000e0a00000,0x00000000e16fce30,0x00000000e1700000)
  to   space 20480K, 0% used [0x00000000e5d80000,0x00000000e5d80000,0x00000000e7180000)
 ParOldGen       total 68096K, used 31667K [0x0000000080000000, 0x0000000084280000, 0x00000000d5580000)
  object space 68096K, 46% used [0x0000000080000000,0x0000000081eeced0,0x0000000084280000)
 Metaspace       used 56401K, capacity 58746K, committed 58920K, reserved 1099776K
  class space    used 7712K, capacity 8184K, committed 8240K, reserved 1048576K
}
Event: 8.585 GC heap before
{Heap before GC invocations=14 (full 2):
 PSYoungGen      total 198144K, used 16680K [0x00000000d5580000, 0x00000000e7180000, 0x0000000100000000)
  eden space 184832K, 1% used [0x00000000d5580000,0x00000000d58cd330,0x00000000e0a00000)
  from space 13312K, 99% used [0x00000000e0a00000,0x00000000e16fce30,0x00000000e1700000)
  to   space 20480K, 0% used [0x00000000e5d80000,0x00000000e5d80000,0x00000000e7180000)
 ParOldGen       total 68096K, used 31667K [0x0000000080000000, 0x0000000084280000, 0x00000000d5580000)
  object space 68096K, 46% used [0x0000000080000000,0x0000000081eeced0,0x0000000084280000)
 Metaspace       used 56748K, capacity 59104K, committed 59160K, reserved 1099776K
  class space    used 7761K, capacity 8217K, committed 8240K, reserved 1048576K
Event: 8.643 GC heap after
Heap after GC invocations=14 (full 2):
 PSYoungGen      total 269824K, used 608K [0x00000000d5580000, 0x00000000e9280000, 0x0000000100000000)
  eden space 249344K, 0% used [0x00000000d5580000,0x00000000d5580000,0x00000000e4900000)
  from space 20480K, 2% used [0x00000000e5d80000,0x00000000e5e18000,0x00000000e7180000)
  to   space 20992K, 0% used [0x00000000e4900000,0x00000000e4900000,0x00000000e5d80000)
 ParOldGen       total 68096K, used 42988K [0x0000000080000000, 0x0000000084280000, 0x00000000d5580000)
  object space 68096K, 63% used [0x0000000080000000,0x00000000829fb348,0x0000000084280000)
 Metaspace       used 56748K, capacity 59104K, committed 59160K, reserved 1099776K
  class space    used 7761K, capacity 8217K, committed 8240K, reserved 1048576K
}
Event: 8.643 GC heap before
{Heap before GC invocations=15 (full 3):
 PSYoungGen      total 269824K, used 608K [0x00000000d5580000, 0x00000000e9280000, 0x0000000100000000)
  eden space 249344K, 0% used [0x00000000d5580000,0x00000000d5580000,0x00000000e4900000)
  from space 20480K, 2% used [0x00000000e5d80000,0x00000000e5e18000,0x00000000e7180000)
  to   space 20992K, 0% used [0x00000000e4900000,0x00000000e4900000,0x00000000e5d80000)
 ParOldGen       total 68096K, used 42988K [0x0000000080000000, 0x0000000084280000, 0x00000000d5580000)
  object space 68096K, 63% used [0x0000000080000000,0x00000000829fb348,0x0000000084280000)
 Metaspace       used 56748K, capacity 59104K, committed 59160K, reserved 1099776K
  class space    used 7761K, capacity 8217K, committed 8240K, reserved 1048576K
Event: 8.864 GC heap after
Heap after GC invocations=15 (full 3):
 PSYoungGen      total 269824K, used 0K [0x00000000d5580000, 0x00000000e9280000, 0x0000000100000000)
  eden space 249344K, 0% used [0x00000000d5580000,0x00000000d5580000,0x00000000e4900000)
  from space 20480K, 0% used [0x00000000e5d80000,0x00000000e5d80000,0x00000000e7180000)
  to   space 20992K, 0% used [0x00000000e4900000,0x00000000e4900000,0x00000000e5d80000)
 ParOldGen       total 68096K, used 29022K [0x0000000080000000, 0x0000000084280000, 0x00000000d5580000)
  object space 68096K, 42% used [0x0000000080000000,0x0000000081c57ab8,0x0000000084280000)
 Metaspace       used 56706K, capacity 58960K, committed 59160K, reserved 1099776K
  class space    used 7748K, capacity 8193K, committed 8240K, reserved 1048576K
}

