# JRE version: OpenJDK Runtime Environment (8.0_242-b01) (build 1.8.0_242-release-1644-b01)
# Java VM: OpenJDK 64-Bit Server VM (25.242-b01 mixed mode windows-amd64 compressed oops)
Heap:
 PSYoungGen      total 200704K, used 960K [0x00000000d5580000, 0x00000000e6380000, 0x0000000100000000)
  eden space 180224K, 0% used [0x00000000d5580000,0x00000000d5580000,0x00000000e0580000)
  from space 20480K, 4% used [0x00000000e4f80000,0x00000000e5070000,0x00000000e6380000)
  to   space 13312K, 0% used [0x00000000e0580000,0x00000000e0580000,0x00000000e1280000)
 ParOldGen       total 71680K, used 42348K [0x0000000080000000, 0x0000000084600000, 0x00000000d5580000)
  object space 71680K, 59% used [0x0000000080000000,0x000000008295b048,0x0000000084600000)
 Metaspace       used 56723K, capacity 59064K, committed 59160K, reserved 1099776K
  class space    used 7757K, capacity 8211K, committed 8240K, reserved 1048576K
GC Heap History (10 events):
Event: 3.576 GC heap after
Heap after GC invocations=10 (full 1):
 PSYoungGen      total 139776K, used 11170K [0x00000000d5580000, 0x00000000e2200000, 0x0000000100000000)
  eden space 128000K, 0% used [0x00000000d5580000,0x00000000d5580000,0x00000000dd280000)
  from space 11776K, 94% used [0x00000000dd280000,0x00000000ddd688b8,0x00000000dde00000)
  to   space 12800K, 0% used [0x00000000e1580000,0x00000000e1580000,0x00000000e2200000)
 ParOldGen       total 48128K, used 6650K [0x0000000080000000, 0x0000000082f00000, 0x00000000d5580000)
  object space 48128K, 13% used [0x0000000080000000,0x000000008067e848,0x0000000082f00000)
 Metaspace       used 34346K, capacity 35404K, committed 35496K, reserved 1079296K
  class space    used 4734K, capacity 5003K, committed 5040K, reserved 1048576K
}
Event: 3.576 GC heap before
{Heap before GC invocations=11 (full 2):
 PSYoungGen      total 139776K, used 11170K [0x00000000d5580000, 0x00000000e2200000, 0x0000000100000000)
  eden space 128000K, 0% used [0x00000000d5580000,0x00000000d5580000,0x00000000dd280000)
  from space 11776K, 94% used [0x00000000dd280000,0x00000000ddd688b8,0x00000000dde00000)
  to   space 12800K, 0% used [0x00000000e1580000,0x00000000e1580000,0x00000000e2200000)
 ParOldGen       total 48128K, used 6650K [0x0000000080000000, 0x0000000082f00000, 0x00000000d5580000)
  object space 48128K, 13% used [0x0000000080000000,0x000000008067e848,0x0000000082f00000)
 Metaspace       used 34346K, capacity 35404K, committed 35496K, reserved 1079296K
  class space    used 4734K, capacity 5003K, committed 5040K, reserved 1048576K
Event: 3.641 GC heap after
Heap after GC invocations=11 (full 2):
 PSYoungGen      total 139776K, used 0K [0x00000000d5580000, 0x00000000e2200000, 0x0000000100000000)
  eden space 128000K, 0% used [0x00000000d5580000,0x00000000d5580000,0x00000000dd280000)
  from space 11776K, 0% used [0x00000000dd280000,0x00000000dd280000,0x00000000dde00000)
  to   space 12800K, 0% used [0x00000000e1580000,0x00000000e1580000,0x00000000e2200000)
 ParOldGen       total 71680K, used 17258K [0x0000000080000000, 0x0000000084600000, 0x00000000d5580000)
  object space 71680K, 24% used [0x0000000080000000,0x00000000810da888,0x0000000084600000)
 Metaspace       used 34346K, capacity 35404K, committed 35496K, reserved 1079296K
  class space    used 4734K, capacity 5003K, committed 5040K, reserved 1048576K
}
Event: 4.555 GC heap before
{Heap before GC invocations=12 (full 2):
 PSYoungGen      total 139776K, used 128000K [0x00000000d5580000, 0x00000000e2200000, 0x0000000100000000)
  eden space 128000K, 100% used [0x00000000d5580000,0x00000000dd280000,0x00000000dd280000)
  from space 11776K, 0% used [0x00000000dd280000,0x00000000dd280000,0x00000000dde00000)
  to   space 12800K, 0% used [0x00000000e1580000,0x00000000e1580000,0x00000000e2200000)
 ParOldGen       total 71680K, used 17258K [0x0000000080000000, 0x0000000084600000, 0x00000000d5580000)
  object space 71680K, 24% used [0x0000000080000000,0x00000000810da888,0x0000000084600000)
 Metaspace       used 39915K, capacity 41716K, committed 41768K, reserved 1085440K
  class space    used 5514K, capacity 5916K, committed 5936K, reserved 1048576K
Event: 4.564 GC heap after
Heap after GC invocations=12 (full 2):
 PSYoungGen      total 185344K, used 10009K [0x00000000d5580000, 0x00000000e1f80000, 0x0000000100000000)
  eden space 175104K, 0% used [0x00000000d5580000,0x00000000d5580000,0x00000000e0080000)
  from space 10240K, 97% used [0x00000000e1580000,0x00000000e1f46748,0x00000000e1f80000)
  to   space 13312K, 0% used [0x00000000e0580000,0x00000000e0580000,0x00000000e1280000)
 ParOldGen       total 71680K, used 17266K [0x0000000080000000, 0x0000000084600000, 0x00000000d5580000)
  object space 71680K, 24% used [0x0000000080000000,0x00000000810dc888,0x0000000084600000)
 Metaspace       used 39915K, capacity 41716K, committed 41768K, reserved 1085440K
  class space    used 5514K, capacity 5916K, committed 5936K, reserved 1048576K
}
Event: 6.357 GC heap before
{Heap before GC invocations=13 (full 2):
 PSYoungGen      total 185344K, used 185113K [0x00000000d5580000, 0x00000000e1f80000, 0x0000000100000000)
  eden space 175104K, 100% used [0x00000000d5580000,0x00000000e0080000,0x00000000e0080000)
  from space 10240K, 97% used [0x00000000e1580000,0x00000000e1f46748,0x00000000e1f80000)
  to   space 13312K, 0% used [0x00000000e0580000,0x00000000e0580000,0x00000000e1280000)
 ParOldGen       total 71680K, used 17266K [0x0000000080000000, 0x0000000084600000, 0x00000000d5580000)
  object space 71680K, 24% used [0x0000000080000000,0x00000000810dc888,0x0000000084600000)
 Metaspace       used 56141K, capacity 58498K, committed 58664K, reserved 1099776K
  class space    used 7672K, capacity 8172K, committed 8240K, reserved 1048576K
Event: 6.395 GC heap after
Heap after GC invocations=13 (full 2):
 PSYoungGen      total 193536K, used 13299K [0x00000000d5580000, 0x00000000e6380000, 0x0000000100000000)
  eden space 180224K, 0% used [0x00000000d5580000,0x00000000d5580000,0x00000000e0580000)
  from space 13312K, 99% used [0x00000000e0580000,0x00000000e127cc00,0x00000000e1280000)
  to   space 20480K, 0% used [0x00000000e4f80000,0x00000000e4f80000,0x00000000e6380000)
 ParOldGen       total 71680K, used 31197K [0x0000000080000000, 0x0000000084600000, 0x00000000d5580000)
  object space 71680K, 43% used [0x0000000080000000,0x0000000081e77600,0x0000000084600000)
 Metaspace       used 56141K, capacity 58498K, committed 58664K, reserved 1099776K
  class space    used 7672K, capacity 8172K, committed 8240K, reserved 1048576K
}
Event: 6.492 GC heap before
{Heap before GC invocations=14 (full 2):
 PSYoungGen      total 193536K, used 22889K [0x00000000d5580000, 0x00000000e6380000, 0x0000000100000000)
  eden space 180224K, 5% used [0x00000000d5580000,0x00000000d5eddbe8,0x00000000e0580000)
  from space 13312K, 99% used [0x00000000e0580000,0x00000000e127cc00,0x00000000e1280000)
  to   space 20480K, 0% used [0x00000000e4f80000,0x00000000e4f80000,0x00000000e6380000)
 ParOldGen       total 71680K, used 31197K [0x0000000080000000, 0x0000000084600000, 0x00000000d5580000)
  object space 71680K, 43% used [0x0000000080000000,0x0000000081e77600,0x0000000084600000)
 Metaspace       used 56723K, capacity 59064K, committed 59160K, reserved 1099776K
  class space    used 7757K, capacity 8211K, committed 8240K, reserved 1048576K
Event: 6.509 GC heap after
Heap after GC invocations=14 (full 2):
 PSYoungGen      total 200704K, used 960K [0x00000000d5580000, 0x00000000e6380000, 0x0000000100000000)
  eden space 180224K, 0% used [0x00000000d5580000,0x00000000d5580000,0x00000000e0580000)
  from space 20480K, 4% used [0x00000000e4f80000,0x00000000e5070000,0x00000000e6380000)
  to   space 13312K, 0% used [0x00000000e0580000,0x00000000e0580000,0x00000000e1280000)
 ParOldGen       total 71680K, used 42348K [0x0000000080000000, 0x0000000084600000, 0x00000000d5580000)
  object space 71680K, 59% used [0x0000000080000000,0x000000008295b048,0x0000000084600000)
 Metaspace       used 56723K, capacity 59064K, committed 59160K, reserved 1099776K
  class space    used 7757K, capacity 8211K, committed 8240K, reserved 1048576K
}
Event: 6.509 GC heap before
{Heap before GC invocations=15 (full 3):
 PSYoungGen      total 200704K, used 960K [0x00000000d5580000, 0x00000000e6380000, 0x0000000100000000)
  eden space 180224K, 0% used [0x00000000d5580000,0x00000000d5580000,0x00000000e0580000)
  from space 20480K, 4% used [0x00000000e4f80000,0x00000000e5070000,0x00000000e6380000)
  to   space 13312K, 0% used [0x00000000e0580000,0x00000000e0580000,0x00000000e1280000)
 ParOldGen       total 71680K, used 42348K [0x0000000080000000, 0x0000000084600000, 0x00000000d5580000)
  object space 71680K, 59% used [0x0000000080000000,0x000000008295b048,0x0000000084600000)
 Metaspace       used 56723K, capacity 59064K, committed 59160K, reserved 1099776K
  class space    used 7757K, capacity 8211K, committed 8240K, reserved 1048576K

